[ 2012-09-08T09:25:33+08:00 ] /talent_pool/ | INFO: Tag[ app_begin ] --START--
[ 2012-09-08T09:25:33+08:00 ] /talent_pool/ | INFO: Run ReadHtmlCache Behavior [ RunTime:0.003851s ]
[ 2012-09-08T09:25:33+08:00 ] /talent_pool/ | INFO: Tag[ app_begin ] --END-- [ RunTime:0.022606s ]
[ 2012-09-08T09:25:33+08:00 ] /talent_pool/ | INFO: Tag[ view_template ] --START--
[ 2012-09-08T09:25:33+08:00 ] /talent_pool/ | INFO: Run LocationTemplate Behavior [ RunTime:0.003710s ]
[ 2012-09-08T09:25:33+08:00 ] /talent_pool/ | INFO: Tag[ view_template ] --END-- [ RunTime:0.003851s ]
[ 2012-09-08T09:25:33+08:00 ] /talent_pool/ | INFO: Tag[ view_parse ] --START--
[ 2012-09-08T09:25:33+08:00 ] /talent_pool/ | INFO: Run ParseTemplate Behavior [ RunTime:0.089707s ]
[ 2012-09-08T09:25:33+08:00 ] /talent_pool/ | INFO: Tag[ view_parse ] --END-- [ RunTime:0.089842s ]
[ 2012-09-08T09:25:33+08:00 ] /talent_pool/ | INFO: Tag[ view_filter ] --START--
[ 2012-09-08T09:25:33+08:00 ] /talent_pool/ | INFO: Run ContentReplace Behavior [ RunTime:0.020006s ]
[ 2012-09-08T09:25:33+08:00 ] /talent_pool/ | INFO: Run TokenBuild Behavior [ RunTime:0.001698s ]
[ 2012-09-08T09:25:33+08:00 ] /talent_pool/ | INFO: Run WriteHtmlCache Behavior [ RunTime:0.001180s ]
[ 2012-09-08T09:25:33+08:00 ] /talent_pool/ | INFO: Run ShowRuntime Behavior [ RunTime:0.001478s ]
[ 2012-09-08T09:25:33+08:00 ] /talent_pool/ | INFO: Tag[ view_filter ] --END-- [ RunTime:0.024673s ]
[ 2012-09-08T09:25:33+08:00 ] /talent_pool/ | INFO: Tag[ view_end ] --START--
[ 2012-09-08T09:25:33+08:00 ] /talent_pool/ | INFO: Run ShowPageTrace Behavior [ RunTime:0.001494s ]
[ 2012-09-08T09:25:33+08:00 ] /talent_pool/ | INFO: Tag[ view_end ] --END-- [ RunTime:0.001593s ]
[ 2012-09-08T09:32:17+08:00 ] /talent_pool/ | INFO: Tag[ app_begin ] --START--
[ 2012-09-08T09:32:17+08:00 ] /talent_pool/ | INFO: Run ReadHtmlCache Behavior [ RunTime:0.000715s ]
[ 2012-09-08T09:32:17+08:00 ] /talent_pool/ | INFO: Tag[ app_begin ] --END-- [ RunTime:0.000847s ]
[ 2012-09-08T09:32:17+08:00 ] /talent_pool/ | INFO: Tag[ view_template ] --START--
[ 2012-09-08T09:32:17+08:00 ] /talent_pool/ | INFO: Run LocationTemplate Behavior [ RunTime:0.001069s ]
[ 2012-09-08T09:32:17+08:00 ] /talent_pool/ | INFO: Tag[ view_template ] --END-- [ RunTime:0.001193s ]
[ 2012-09-08T09:32:17+08:00 ] /talent_pool/ | INFO: Tag[ view_parse ] --START--
[ 2012-09-08T09:32:17+08:00 ] /talent_pool/ | INFO: Run ParseTemplate Behavior [ RunTime:0.044878s ]
[ 2012-09-08T09:32:17+08:00 ] /talent_pool/ | INFO: Tag[ view_parse ] --END-- [ RunTime:0.045002s ]
[ 2012-09-08T09:32:17+08:00 ] /talent_pool/ | INFO: Tag[ view_filter ] --START--
[ 2012-09-08T09:32:17+08:00 ] /talent_pool/ | INFO: Run ContentReplace Behavior [ RunTime:0.000560s ]
[ 2012-09-08T09:32:17+08:00 ] /talent_pool/ | INFO: Run TokenBuild Behavior [ RunTime:0.000608s ]
[ 2012-09-08T09:32:17+08:00 ] /talent_pool/ | INFO: Run WriteHtmlCache Behavior [ RunTime:0.000341s ]
[ 2012-09-08T09:32:17+08:00 ] /talent_pool/ | INFO: Run ShowRuntime Behavior [ RunTime:0.000657s ]
[ 2012-09-08T09:32:17+08:00 ] /talent_pool/ | INFO: Tag[ view_filter ] --END-- [ RunTime:0.002458s ]
[ 2012-09-08T09:32:17+08:00 ] /talent_pool/ | INFO: Tag[ view_end ] --START--
[ 2012-09-08T09:32:17+08:00 ] /talent_pool/ | INFO: Run ShowPageTrace Behavior [ RunTime:0.000533s ]
[ 2012-09-08T09:32:17+08:00 ] /talent_pool/ | INFO: Tag[ view_end ] --END-- [ RunTime:0.000633s ]
[ 2012-09-08T09:32:56+08:00 ] /talent_pool/index.php/Index/login | INFO: Tag[ route_check ] --START--
[ 2012-09-08T09:32:56+08:00 ] /talent_pool/index.php/Index/login | INFO: Run CheckRoute Behavior [ RunTime:0.000962s ]
[ 2012-09-08T09:32:56+08:00 ] /talent_pool/index.php/Index/login | INFO: Tag[ route_check ] --END-- [ RunTime:0.001097s ]
[ 2012-09-08T09:32:56+08:00 ] /talent_pool/index.php/Index/login | INFO: Tag[ app_begin ] --START--
[ 2012-09-08T09:32:56+08:00 ] /talent_pool/index.php/Index/login | INFO: Run ReadHtmlCache Behavior [ RunTime:0.001344s ]
[ 2012-09-08T09:32:56+08:00 ] /talent_pool/index.php/Index/login | INFO: Tag[ app_begin ] --END-- [ RunTime:0.001547s ]
[ 2012-09-08T09:32:56+08:00 ] /talent_pool/index.php/Index/login | SQL: SHOW COLUMNS FROM `enterprise` [ RunTime:0.026017s ]
[ 2012-09-08T09:32:56+08:00 ] /talent_pool/index.php/Index/login | SQL: SELECT * FROM `enterprise` WHERE ( `eid` = 'ENT_ibm' ) AND ( `password` = 'e10adc3949ba59abbe56e057f20f883e' )  [ RunTime:0.011297s ]
[ 2012-09-08T09:32:56+08:00 ] /talent_pool/index.php/Enterprise/enterprise.html | INFO: Tag[ route_check ] --START--
[ 2012-09-08T09:32:56+08:00 ] /talent_pool/index.php/Enterprise/enterprise.html | INFO: Run CheckRoute Behavior [ RunTime:0.000898s ]
[ 2012-09-08T09:32:56+08:00 ] /talent_pool/index.php/Enterprise/enterprise.html | INFO: Tag[ route_check ] --END-- [ RunTime:0.001029s ]
[ 2012-09-08T09:32:56+08:00 ] /talent_pool/index.php/Enterprise/enterprise.html | INFO: Tag[ app_begin ] --START--
[ 2012-09-08T09:32:56+08:00 ] /talent_pool/index.php/Enterprise/enterprise.html | INFO: Run ReadHtmlCache Behavior [ RunTime:0.000646s ]
[ 2012-09-08T09:32:56+08:00 ] /talent_pool/index.php/Enterprise/enterprise.html | INFO: Tag[ app_begin ] --END-- [ RunTime:0.000765s ]
[ 2012-09-08T09:32:56+08:00 ] /talent_pool/index.php/Enterprise/enterprise.html | SQL: SHOW COLUMNS FROM `enterprise` [ RunTime:0.005481s ]
[ 2012-09-08T09:32:56+08:00 ] /talent_pool/index.php/Enterprise/enterprise.html | SQL: SELECT * FROM `enterprise` WHERE ( `eid` = 'ENT_ibm' ) LIMIT 1   [ RunTime:0.000390s ]
[ 2012-09-08T09:32:56+08:00 ] /talent_pool/index.php/Enterprise/enterprise.html | NOTIC: [8] Undefined index: username CommonUserAction.class.php 第 18 行.
[ 2012-09-08T09:32:56+08:00 ] /talent_pool/index.php/Enterprise/enterprise.html | INFO: Tag[ view_template ] --START--
[ 2012-09-08T09:32:56+08:00 ] /talent_pool/index.php/Enterprise/enterprise.html | INFO: Run LocationTemplate Behavior [ RunTime:0.000882s ]
[ 2012-09-08T09:32:56+08:00 ] /talent_pool/index.php/Enterprise/enterprise.html | INFO: Tag[ view_template ] --END-- [ RunTime:0.000991s ]
[ 2012-09-08T09:32:56+08:00 ] /talent_pool/index.php/Enterprise/enterprise.html | INFO: Tag[ view_parse ] --START--
[ 2012-09-08T09:32:56+08:00 ] /talent_pool/index.php/Enterprise/enterprise.html | INFO: Run ParseTemplate Behavior [ RunTime:0.009443s ]
[ 2012-09-08T09:32:56+08:00 ] /talent_pool/index.php/Enterprise/enterprise.html | INFO: Tag[ view_parse ] --END-- [ RunTime:0.009574s ]
[ 2012-09-08T09:32:56+08:00 ] /talent_pool/index.php/Enterprise/enterprise.html | INFO: Tag[ view_filter ] --START--
[ 2012-09-08T09:32:56+08:00 ] /talent_pool/index.php/Enterprise/enterprise.html | INFO: Run ContentReplace Behavior [ RunTime:0.000536s ]
[ 2012-09-08T09:32:56+08:00 ] /talent_pool/index.php/Enterprise/enterprise.html | INFO: Run TokenBuild Behavior [ RunTime:0.000545s ]
[ 2012-09-08T09:32:56+08:00 ] /talent_pool/index.php/Enterprise/enterprise.html | INFO: Run WriteHtmlCache Behavior [ RunTime:0.000341s ]
[ 2012-09-08T09:32:56+08:00 ] /talent_pool/index.php/Enterprise/enterprise.html | INFO: Run ShowRuntime Behavior [ RunTime:0.000716s ]
[ 2012-09-08T09:32:56+08:00 ] /talent_pool/index.php/Enterprise/enterprise.html | INFO: Tag[ view_filter ] --END-- [ RunTime:0.002429s ]
[ 2012-09-08T09:32:56+08:00 ] /talent_pool/index.php/Enterprise/enterprise.html | INFO: Tag[ view_end ] --START--
[ 2012-09-08T09:32:56+08:00 ] /talent_pool/index.php/Enterprise/enterprise.html | INFO: Run ShowPageTrace Behavior [ RunTime:0.000591s ]
[ 2012-09-08T09:32:56+08:00 ] /talent_pool/index.php/Enterprise/enterprise.html | INFO: Tag[ view_end ] --END-- [ RunTime:0.000697s ]
[ 2012-09-08T09:32:56+08:00 ] /talent_pool/index.php/Enterprise/img/Minfo.png | ERR: (ThinkException) 非法操作img
[ 2012-09-08T09:33:37+08:00 ] /talent_pool/index.php/Enterprise/enterprise.html | INFO: Tag[ route_check ] --START--
[ 2012-09-08T09:33:37+08:00 ] /talent_pool/index.php/Enterprise/enterprise.html | INFO: Run CheckRoute Behavior [ RunTime:0.001631s ]
[ 2012-09-08T09:33:37+08:00 ] /talent_pool/index.php/Enterprise/enterprise.html | INFO: Tag[ route_check ] --END-- [ RunTime:0.001769s ]
[ 2012-09-08T09:33:37+08:00 ] /talent_pool/index.php/Enterprise/enterprise.html | INFO: Tag[ app_begin ] --START--
[ 2012-09-08T09:33:37+08:00 ] /talent_pool/index.php/Enterprise/enterprise.html | INFO: Run ReadHtmlCache Behavior [ RunTime:0.001171s ]
[ 2012-09-08T09:33:37+08:00 ] /talent_pool/index.php/Enterprise/enterprise.html | INFO: Tag[ app_begin ] --END-- [ RunTime:0.001274s ]
[ 2012-09-08T09:33:37+08:00 ] /talent_pool/index.php/Enterprise/enterprise.html | SQL: SHOW COLUMNS FROM `enterprise` [ RunTime:0.006166s ]
[ 2012-09-08T09:33:37+08:00 ] /talent_pool/index.php/Enterprise/enterprise.html | SQL: SELECT * FROM `enterprise` WHERE ( `eid` = 'ENT_ibm' ) LIMIT 1   [ RunTime:0.000565s ]
[ 2012-09-08T09:33:37+08:00 ] /talent_pool/index.php/Enterprise/enterprise.html | NOTIC: [8] Undefined index: username CommonUserAction.class.php 第 18 行.
[ 2012-09-08T09:33:37+08:00 ] /talent_pool/index.php/Enterprise/enterprise.html | INFO: Tag[ view_template ] --START--
[ 2012-09-08T09:33:37+08:00 ] /talent_pool/index.php/Enterprise/enterprise.html | INFO: Run LocationTemplate Behavior [ RunTime:0.001605s ]
[ 2012-09-08T09:33:37+08:00 ] /talent_pool/index.php/Enterprise/enterprise.html | INFO: Tag[ view_template ] --END-- [ RunTime:0.001726s ]
[ 2012-09-08T09:33:37+08:00 ] /talent_pool/index.php/Enterprise/enterprise.html | INFO: Tag[ view_parse ] --START--
[ 2012-09-08T09:33:37+08:00 ] /talent_pool/index.php/Enterprise/enterprise.html | INFO: Run ParseTemplate Behavior [ RunTime:0.012313s ]
[ 2012-09-08T09:33:37+08:00 ] /talent_pool/index.php/Enterprise/enterprise.html | INFO: Tag[ view_parse ] --END-- [ RunTime:0.012439s ]
[ 2012-09-08T09:33:37+08:00 ] /talent_pool/index.php/Enterprise/enterprise.html | INFO: Tag[ view_filter ] --START--
[ 2012-09-08T09:33:37+08:00 ] /talent_pool/index.php/Enterprise/enterprise.html | INFO: Run ContentReplace Behavior [ RunTime:0.000973s ]
[ 2012-09-08T09:33:37+08:00 ] /talent_pool/index.php/Enterprise/enterprise.html | INFO: Run TokenBuild Behavior [ RunTime:0.000933s ]
[ 2012-09-08T09:33:37+08:00 ] /talent_pool/index.php/Enterprise/enterprise.html | INFO: Run WriteHtmlCache Behavior [ RunTime:0.000792s ]
[ 2012-09-08T09:33:37+08:00 ] /talent_pool/index.php/Enterprise/enterprise.html | INFO: Run ShowRuntime Behavior [ RunTime:0.001122s ]
[ 2012-09-08T09:33:37+08:00 ] /talent_pool/index.php/Enterprise/enterprise.html | INFO: Tag[ view_filter ] --END-- [ RunTime:0.004159s ]
[ 2012-09-08T09:33:37+08:00 ] /talent_pool/index.php/Enterprise/enterprise.html | INFO: Tag[ view_end ] --START--
[ 2012-09-08T09:33:37+08:00 ] /talent_pool/index.php/Enterprise/enterprise.html | INFO: Run ShowPageTrace Behavior [ RunTime:0.000959s ]
[ 2012-09-08T09:33:37+08:00 ] /talent_pool/index.php/Enterprise/enterprise.html | INFO: Tag[ view_end ] --END-- [ RunTime:0.001056s ]
[ 2012-09-08T09:33:37+08:00 ] /talent_pool/index.php/Enterprise/img/Minfo.png | ERR: (ThinkException) 非法操作img
[ 2012-09-08T09:33:59+08:00 ] /talent_pool/index.php/Enterprise/enterprise.html | INFO: Tag[ route_check ] --START--
[ 2012-09-08T09:33:59+08:00 ] /talent_pool/index.php/Enterprise/enterprise.html | INFO: Run CheckRoute Behavior [ RunTime:0.001358s ]
[ 2012-09-08T09:33:59+08:00 ] /talent_pool/index.php/Enterprise/enterprise.html | INFO: Tag[ route_check ] --END-- [ RunTime:0.001482s ]
[ 2012-09-08T09:33:59+08:00 ] /talent_pool/index.php/Enterprise/enterprise.html | INFO: Tag[ app_begin ] --START--
[ 2012-09-08T09:33:59+08:00 ] /talent_pool/index.php/Enterprise/enterprise.html | INFO: Run ReadHtmlCache Behavior [ RunTime:0.001077s ]
[ 2012-09-08T09:33:59+08:00 ] /talent_pool/index.php/Enterprise/enterprise.html | INFO: Tag[ app_begin ] --END-- [ RunTime:0.001180s ]
[ 2012-09-08T09:33:59+08:00 ] /talent_pool/index.php/Enterprise/enterprise.html | SQL: SHOW COLUMNS FROM `enterprise` [ RunTime:0.006070s ]
[ 2012-09-08T09:33:59+08:00 ] /talent_pool/index.php/Enterprise/enterprise.html | SQL: SELECT * FROM `enterprise` WHERE ( `eid` = 'ENT_ibm' ) LIMIT 1   [ RunTime:0.000501s ]
[ 2012-09-08T09:33:59+08:00 ] /talent_pool/index.php/Enterprise/enterprise.html | NOTIC: [8] Undefined index: username CommonUserAction.class.php 第 18 行.
[ 2012-09-08T09:33:59+08:00 ] /talent_pool/index.php/Enterprise/enterprise.html | INFO: Tag[ view_template ] --START--
[ 2012-09-08T09:33:59+08:00 ] /talent_pool/index.php/Enterprise/enterprise.html | INFO: Run LocationTemplate Behavior [ RunTime:0.001595s ]
[ 2012-09-08T09:33:59+08:00 ] /talent_pool/index.php/Enterprise/enterprise.html | INFO: Tag[ view_template ] --END-- [ RunTime:0.001711s ]
[ 2012-09-08T09:33:59+08:00 ] /talent_pool/index.php/Enterprise/enterprise.html | INFO: Tag[ view_parse ] --START--
[ 2012-09-08T09:33:59+08:00 ] /talent_pool/index.php/Enterprise/enterprise.html | INFO: Run ParseTemplate Behavior [ RunTime:0.011575s ]
[ 2012-09-08T09:33:59+08:00 ] /talent_pool/index.php/Enterprise/enterprise.html | INFO: Tag[ view_parse ] --END-- [ RunTime:0.011703s ]
[ 2012-09-08T09:33:59+08:00 ] /talent_pool/index.php/Enterprise/enterprise.html | INFO: Tag[ view_filter ] --START--
[ 2012-09-08T09:33:59+08:00 ] /talent_pool/index.php/Enterprise/enterprise.html | INFO: Run ContentReplace Behavior [ RunTime:0.000941s ]
[ 2012-09-08T09:33:59+08:00 ] /talent_pool/index.php/Enterprise/enterprise.html | INFO: Run TokenBuild Behavior [ RunTime:0.000919s ]
[ 2012-09-08T09:33:59+08:00 ] /talent_pool/index.php/Enterprise/enterprise.html | INFO: Run WriteHtmlCache Behavior [ RunTime:0.000726s ]
[ 2012-09-08T09:33:59+08:00 ] /talent_pool/index.php/Enterprise/enterprise.html | INFO: Run ShowRuntime Behavior [ RunTime:0.001030s ]
[ 2012-09-08T09:33:59+08:00 ] /talent_pool/index.php/Enterprise/enterprise.html | INFO: Tag[ view_filter ] --END-- [ RunTime:0.003912s ]
[ 2012-09-08T09:33:59+08:00 ] /talent_pool/index.php/Enterprise/enterprise.html | INFO: Tag[ view_end ] --START--
[ 2012-09-08T09:33:59+08:00 ] /talent_pool/index.php/Enterprise/enterprise.html | INFO: Run ShowPageTrace Behavior [ RunTime:0.000945s ]
[ 2012-09-08T09:33:59+08:00 ] /talent_pool/index.php/Enterprise/enterprise.html | INFO: Tag[ view_end ] --END-- [ RunTime:0.001043s ]
[ 2012-09-08T09:34:48+08:00 ] /talent_pool/index.php/Public/change_password | ERR: (ThinkException) 无法加载模块Public
[ 2012-09-08T09:35:24+08:00 ] /talent_pool/index.php/Enterprise/enterprise.html | INFO: Tag[ route_check ] --START--
[ 2012-09-08T09:35:24+08:00 ] /talent_pool/index.php/Enterprise/enterprise.html | INFO: Run CheckRoute Behavior [ RunTime:0.001278s ]
[ 2012-09-08T09:35:24+08:00 ] /talent_pool/index.php/Enterprise/enterprise.html | INFO: Tag[ route_check ] --END-- [ RunTime:0.001412s ]
[ 2012-09-08T09:35:24+08:00 ] /talent_pool/index.php/Enterprise/enterprise.html | INFO: Tag[ app_begin ] --START--
[ 2012-09-08T09:35:24+08:00 ] /talent_pool/index.php/Enterprise/enterprise.html | INFO: Run ReadHtmlCache Behavior [ RunTime:0.000822s ]
[ 2012-09-08T09:35:24+08:00 ] /talent_pool/index.php/Enterprise/enterprise.html | INFO: Tag[ app_begin ] --END-- [ RunTime:0.000927s ]
[ 2012-09-08T09:35:24+08:00 ] /talent_pool/index.php/Enterprise/enterprise.html | SQL: SHOW COLUMNS FROM `enterprise` [ RunTime:0.030574s ]
[ 2012-09-08T09:35:24+08:00 ] /talent_pool/index.php/Enterprise/enterprise.html | SQL: SELECT * FROM `enterprise` WHERE ( `eid` = 'ENT_ibm' ) LIMIT 1   [ RunTime:0.000532s ]
[ 2012-09-08T09:35:24+08:00 ] /talent_pool/index.php/Enterprise/enterprise.html | NOTIC: [8] Undefined index: username CommonUserAction.class.php 第 18 行.
[ 2012-09-08T09:35:24+08:00 ] /talent_pool/index.php/Enterprise/enterprise.html | INFO: Tag[ view_template ] --START--
[ 2012-09-08T09:35:24+08:00 ] /talent_pool/index.php/Enterprise/enterprise.html | INFO: Run LocationTemplate Behavior [ RunTime:0.001095s ]
[ 2012-09-08T09:35:24+08:00 ] /talent_pool/index.php/Enterprise/enterprise.html | INFO: Tag[ view_template ] --END-- [ RunTime:0.001204s ]
[ 2012-09-08T09:35:24+08:00 ] /talent_pool/index.php/Enterprise/enterprise.html | INFO: Tag[ view_parse ] --START--
[ 2012-09-08T09:35:24+08:00 ] /talent_pool/index.php/Enterprise/enterprise.html | INFO: Run ParseTemplate Behavior [ RunTime:0.009791s ]
[ 2012-09-08T09:35:24+08:00 ] /talent_pool/index.php/Enterprise/enterprise.html | INFO: Tag[ view_parse ] --END-- [ RunTime:0.009913s ]
[ 2012-09-08T09:35:24+08:00 ] /talent_pool/index.php/Enterprise/enterprise.html | INFO: Tag[ view_filter ] --START--
[ 2012-09-08T09:35:24+08:00 ] /talent_pool/index.php/Enterprise/enterprise.html | INFO: Run ContentReplace Behavior [ RunTime:0.000665s ]
[ 2012-09-08T09:35:24+08:00 ] /talent_pool/index.php/Enterprise/enterprise.html | INFO: Run TokenBuild Behavior [ RunTime:0.000676s ]
[ 2012-09-08T09:35:24+08:00 ] /talent_pool/index.php/Enterprise/enterprise.html | INFO: Run WriteHtmlCache Behavior [ RunTime:0.000509s ]
[ 2012-09-08T09:35:24+08:00 ] /talent_pool/index.php/Enterprise/enterprise.html | INFO: Run ShowRuntime Behavior [ RunTime:0.000830s ]
[ 2012-09-08T09:35:24+08:00 ] /talent_pool/index.php/Enterprise/enterprise.html | INFO: Tag[ view_filter ] --END-- [ RunTime:0.002981s ]
[ 2012-09-08T09:35:24+08:00 ] /talent_pool/index.php/Enterprise/enterprise.html | INFO: Tag[ view_end ] --START--
[ 2012-09-08T09:35:24+08:00 ] /talent_pool/index.php/Enterprise/enterprise.html | INFO: Run ShowPageTrace Behavior [ RunTime:0.000681s ]
[ 2012-09-08T09:35:24+08:00 ] /talent_pool/index.php/Enterprise/enterprise.html | INFO: Tag[ view_end ] --END-- [ RunTime:0.000786s ]
[ 2012-09-08T09:35:25+08:00 ] /talent_pool/index.php/Enterprise/enterprise.html | INFO: Tag[ route_check ] --START--
[ 2012-09-08T09:35:25+08:00 ] /talent_pool/index.php/Enterprise/enterprise.html | INFO: Run CheckRoute Behavior [ RunTime:0.001101s ]
[ 2012-09-08T09:35:25+08:00 ] /talent_pool/index.php/Enterprise/enterprise.html | INFO: Tag[ route_check ] --END-- [ RunTime:0.001248s ]
[ 2012-09-08T09:35:25+08:00 ] /talent_pool/index.php/Enterprise/enterprise.html | INFO: Tag[ app_begin ] --START--
[ 2012-09-08T09:35:25+08:00 ] /talent_pool/index.php/Enterprise/enterprise.html | INFO: Run ReadHtmlCache Behavior [ RunTime:0.000665s ]
[ 2012-09-08T09:35:25+08:00 ] /talent_pool/index.php/Enterprise/enterprise.html | INFO: Tag[ app_begin ] --END-- [ RunTime:0.000775s ]
[ 2012-09-08T09:35:25+08:00 ] /talent_pool/index.php/Enterprise/enterprise.html | SQL: SHOW COLUMNS FROM `enterprise` [ RunTime:0.005123s ]
[ 2012-09-08T09:35:25+08:00 ] /talent_pool/index.php/Enterprise/enterprise.html | SQL: SELECT * FROM `enterprise` WHERE ( `eid` = 'ENT_ibm' ) LIMIT 1   [ RunTime:0.001158s ]
[ 2012-09-08T09:35:25+08:00 ] /talent_pool/index.php/Enterprise/enterprise.html | NOTIC: [8] Undefined index: username CommonUserAction.class.php 第 18 行.
[ 2012-09-08T09:35:25+08:00 ] /talent_pool/index.php/Enterprise/enterprise.html | INFO: Tag[ view_template ] --START--
[ 2012-09-08T09:35:25+08:00 ] /talent_pool/index.php/Enterprise/enterprise.html | INFO: Run LocationTemplate Behavior [ RunTime:0.000623s ]
[ 2012-09-08T09:35:25+08:00 ] /talent_pool/index.php/Enterprise/enterprise.html | INFO: Tag[ view_template ] --END-- [ RunTime:0.000727s ]
[ 2012-09-08T09:35:25+08:00 ] /talent_pool/index.php/Enterprise/enterprise.html | INFO: Tag[ view_parse ] --START--
[ 2012-09-08T09:35:25+08:00 ] /talent_pool/index.php/Enterprise/enterprise.html | INFO: Run ParseTemplate Behavior [ RunTime:0.008998s ]
[ 2012-09-08T09:35:25+08:00 ] /talent_pool/index.php/Enterprise/enterprise.html | INFO: Tag[ view_parse ] --END-- [ RunTime:0.009206s ]
[ 2012-09-08T09:35:25+08:00 ] /talent_pool/index.php/Enterprise/enterprise.html | INFO: Tag[ view_filter ] --START--
[ 2012-09-08T09:35:25+08:00 ] /talent_pool/index.php/Enterprise/enterprise.html | INFO: Run ContentReplace Behavior [ RunTime:0.000531s ]
[ 2012-09-08T09:35:25+08:00 ] /talent_pool/index.php/Enterprise/enterprise.html | INFO: Run TokenBuild Behavior [ RunTime:0.000550s ]
[ 2012-09-08T09:35:25+08:00 ] /talent_pool/index.php/Enterprise/enterprise.html | INFO: Run WriteHtmlCache Behavior [ RunTime:0.000335s ]
[ 2012-09-08T09:35:25+08:00 ] /talent_pool/index.php/Enterprise/enterprise.html | INFO: Run ShowRuntime Behavior [ RunTime:0.000632s ]
[ 2012-09-08T09:35:25+08:00 ] /talent_pool/index.php/Enterprise/enterprise.html | INFO: Tag[ view_filter ] --END-- [ RunTime:0.002336s ]
[ 2012-09-08T09:35:25+08:00 ] /talent_pool/index.php/Enterprise/enterprise.html | INFO: Tag[ view_end ] --START--
[ 2012-09-08T09:35:25+08:00 ] /talent_pool/index.php/Enterprise/enterprise.html | INFO: Run ShowPageTrace Behavior [ RunTime:0.000596s ]
[ 2012-09-08T09:35:25+08:00 ] /talent_pool/index.php/Enterprise/enterprise.html | INFO: Tag[ view_end ] --END-- [ RunTime:0.000700s ]
[ 2012-09-08T09:35:26+08:00 ] /talent_pool/index.php/Enterprise/change_password | INFO: Tag[ route_check ] --START--
[ 2012-09-08T09:35:26+08:00 ] /talent_pool/index.php/Enterprise/change_password | INFO: Run CheckRoute Behavior [ RunTime:0.000878s ]
[ 2012-09-08T09:35:26+08:00 ] /talent_pool/index.php/Enterprise/change_password | INFO: Tag[ route_check ] --END-- [ RunTime:0.001009s ]
[ 2012-09-08T09:35:26+08:00 ] /talent_pool/index.php/Enterprise/change_password | INFO: Tag[ app_begin ] --START--
[ 2012-09-08T09:35:26+08:00 ] /talent_pool/index.php/Enterprise/change_password | INFO: Run ReadHtmlCache Behavior [ RunTime:0.000644s ]
[ 2012-09-08T09:35:26+08:00 ] /talent_pool/index.php/Enterprise/change_password | INFO: Tag[ app_begin ] --END-- [ RunTime:0.000748s ]
[ 2012-09-08T09:35:26+08:00 ] /talent_pool/index.php/Enterprise/change_password | INFO: Tag[ view_template ] --START--
[ 2012-09-08T09:35:26+08:00 ] /talent_pool/index.php/Enterprise/change_password | INFO: Run LocationTemplate Behavior [ RunTime:0.000704s ]
[ 2012-09-08T09:35:26+08:00 ] /talent_pool/index.php/Enterprise/change_password | INFO: Tag[ view_template ] --END-- [ RunTime:0.000861s ]
[ 2012-09-08T09:35:26+08:00 ] /talent_pool/index.php/Enterprise/change_password | INFO: Tag[ view_parse ] --START--
[ 2012-09-08T09:35:26+08:00 ] /talent_pool/index.php/Enterprise/change_password | INFO: Run ParseTemplate Behavior [ RunTime:0.008879s ]
[ 2012-09-08T09:35:26+08:00 ] /talent_pool/index.php/Enterprise/change_password | INFO: Tag[ view_parse ] --END-- [ RunTime:0.009011s ]
[ 2012-09-08T09:35:26+08:00 ] /talent_pool/index.php/Enterprise/change_password | INFO: Tag[ view_filter ] --START--
[ 2012-09-08T09:35:26+08:00 ] /talent_pool/index.php/Enterprise/change_password | INFO: Run ContentReplace Behavior [ RunTime:0.000580s ]
[ 2012-09-08T09:35:26+08:00 ] /talent_pool/index.php/Enterprise/change_password | INFO: Run TokenBuild Behavior [ RunTime:0.000675s ]
[ 2012-09-08T09:35:26+08:00 ] /talent_pool/index.php/Enterprise/change_password | INFO: Run WriteHtmlCache Behavior [ RunTime:0.000355s ]
[ 2012-09-08T09:35:26+08:00 ] /talent_pool/index.php/Enterprise/change_password | INFO: Run ShowRuntime Behavior [ RunTime:0.000640s ]
[ 2012-09-08T09:35:26+08:00 ] /talent_pool/index.php/Enterprise/change_password | INFO: Tag[ view_filter ] --END-- [ RunTime:0.002551s ]
[ 2012-09-08T09:35:26+08:00 ] /talent_pool/index.php/Enterprise/change_password | INFO: Tag[ view_end ] --START--
[ 2012-09-08T09:35:26+08:00 ] /talent_pool/index.php/Enterprise/change_password | INFO: Run ShowPageTrace Behavior [ RunTime:0.000542s ]
[ 2012-09-08T09:35:26+08:00 ] /talent_pool/index.php/Enterprise/change_password | INFO: Tag[ view_end ] --END-- [ RunTime:0.000648s ]
[ 2012-09-08T09:36:13+08:00 ] /talent_pool/index.php/Enterprise/enterprise.html | INFO: Tag[ route_check ] --START--
[ 2012-09-08T09:36:13+08:00 ] /talent_pool/index.php/Enterprise/enterprise.html | INFO: Run CheckRoute Behavior [ RunTime:0.000902s ]
[ 2012-09-08T09:36:13+08:00 ] /talent_pool/index.php/Enterprise/enterprise.html | INFO: Tag[ route_check ] --END-- [ RunTime:0.001035s ]
[ 2012-09-08T09:36:13+08:00 ] /talent_pool/index.php/Enterprise/enterprise.html | INFO: Tag[ app_begin ] --START--
[ 2012-09-08T09:36:13+08:00 ] /talent_pool/index.php/Enterprise/enterprise.html | INFO: Run ReadHtmlCache Behavior [ RunTime:0.000733s ]
[ 2012-09-08T09:36:13+08:00 ] /talent_pool/index.php/Enterprise/enterprise.html | INFO: Tag[ app_begin ] --END-- [ RunTime:0.000851s ]
[ 2012-09-08T09:36:13+08:00 ] /talent_pool/index.php/Enterprise/enterprise.html | SQL: SHOW COLUMNS FROM `enterprise` [ RunTime:0.005549s ]
[ 2012-09-08T09:36:13+08:00 ] /talent_pool/index.php/Enterprise/enterprise.html | SQL: SELECT * FROM `enterprise` WHERE ( `eid` = 'ENT_ibm' ) LIMIT 1   [ RunTime:0.000611s ]
[ 2012-09-08T09:36:13+08:00 ] /talent_pool/index.php/Enterprise/enterprise.html | NOTIC: [8] Undefined index: username CommonUserAction.class.php 第 18 行.
[ 2012-09-08T09:36:13+08:00 ] /talent_pool/index.php/Enterprise/enterprise.html | INFO: Tag[ view_template ] --START--
[ 2012-09-08T09:36:13+08:00 ] /talent_pool/index.php/Enterprise/enterprise.html | INFO: Run LocationTemplate Behavior [ RunTime:0.000613s ]
[ 2012-09-08T09:36:13+08:00 ] /talent_pool/index.php/Enterprise/enterprise.html | INFO: Tag[ view_template ] --END-- [ RunTime:0.000743s ]
[ 2012-09-08T09:36:13+08:00 ] /talent_pool/index.php/Enterprise/enterprise.html | INFO: Tag[ view_parse ] --START--
[ 2012-09-08T09:36:13+08:00 ] /talent_pool/index.php/Enterprise/enterprise.html | INFO: Run ParseTemplate Behavior [ RunTime:0.009290s ]
[ 2012-09-08T09:36:13+08:00 ] /talent_pool/index.php/Enterprise/enterprise.html | INFO: Tag[ view_parse ] --END-- [ RunTime:0.009414s ]
[ 2012-09-08T09:36:13+08:00 ] /talent_pool/index.php/Enterprise/enterprise.html | INFO: Tag[ view_filter ] --START--
[ 2012-09-08T09:36:13+08:00 ] /talent_pool/index.php/Enterprise/enterprise.html | INFO: Run ContentReplace Behavior [ RunTime:0.000540s ]
[ 2012-09-08T09:36:13+08:00 ] /talent_pool/index.php/Enterprise/enterprise.html | INFO: Run TokenBuild Behavior [ RunTime:0.000540s ]
[ 2012-09-08T09:36:13+08:00 ] /talent_pool/index.php/Enterprise/enterprise.html | INFO: Run WriteHtmlCache Behavior [ RunTime:0.000339s ]
[ 2012-09-08T09:36:13+08:00 ] /talent_pool/index.php/Enterprise/enterprise.html | INFO: Run ShowRuntime Behavior [ RunTime:0.000632s ]
[ 2012-09-08T09:36:13+08:00 ] /talent_pool/index.php/Enterprise/enterprise.html | INFO: Tag[ view_filter ] --END-- [ RunTime:0.002332s ]
[ 2012-09-08T09:36:13+08:00 ] /talent_pool/index.php/Enterprise/enterprise.html | INFO: Tag[ view_end ] --START--
[ 2012-09-08T09:36:13+08:00 ] /talent_pool/index.php/Enterprise/enterprise.html | INFO: Run ShowPageTrace Behavior [ RunTime:0.000558s ]
[ 2012-09-08T09:36:13+08:00 ] /talent_pool/index.php/Enterprise/enterprise.html | INFO: Tag[ view_end ] --END-- [ RunTime:0.000665s ]
[ 2012-09-08T09:36:15+08:00 ] /talent_pool/index.php/Enterprise/Person_hunter_person.html | ERR: (ThinkException) 非法操作Person_hunter_person
[ 2012-09-08T09:36:19+08:00 ] /talent_pool/index.php/Enterprise/mailBox.html | ERR: (ThinkException) 模板不存在[./talent_pool/Tpl/Enterprise/mailBox.html]
[ 2012-09-08T09:36:32+08:00 ] /talent_pool/index.php/Enterprise/enterprise.html | INFO: Tag[ route_check ] --START--
[ 2012-09-08T09:36:32+08:00 ] /talent_pool/index.php/Enterprise/enterprise.html | INFO: Run CheckRoute Behavior [ RunTime:0.002089s ]
[ 2012-09-08T09:36:32+08:00 ] /talent_pool/index.php/Enterprise/enterprise.html | INFO: Tag[ route_check ] --END-- [ RunTime:0.002235s ]
[ 2012-09-08T09:36:32+08:00 ] /talent_pool/index.php/Enterprise/enterprise.html | INFO: Tag[ app_begin ] --START--
[ 2012-09-08T09:36:32+08:00 ] /talent_pool/index.php/Enterprise/enterprise.html | INFO: Run ReadHtmlCache Behavior [ RunTime:0.001413s ]
[ 2012-09-08T09:36:32+08:00 ] /talent_pool/index.php/Enterprise/enterprise.html | INFO: Tag[ app_begin ] --END-- [ RunTime:0.001528s ]
[ 2012-09-08T09:36:32+08:00 ] /talent_pool/index.php/Enterprise/enterprise.html | SQL: SHOW COLUMNS FROM `enterprise` [ RunTime:0.006257s ]
[ 2012-09-08T09:36:32+08:00 ] /talent_pool/index.php/Enterprise/enterprise.html | SQL: SELECT * FROM `enterprise` WHERE ( `eid` = 'ENT_ibm' ) LIMIT 1   [ RunTime:0.000713s ]
[ 2012-09-08T09:36:32+08:00 ] /talent_pool/index.php/Enterprise/enterprise.html | NOTIC: [8] Undefined index: username CommonUserAction.class.php 第 18 行.
[ 2012-09-08T09:36:32+08:00 ] /talent_pool/index.php/Enterprise/enterprise.html | INFO: Tag[ view_template ] --START--
[ 2012-09-08T09:36:32+08:00 ] /talent_pool/index.php/Enterprise/enterprise.html | INFO: Run LocationTemplate Behavior [ RunTime:0.001554s ]
[ 2012-09-08T09:36:32+08:00 ] /talent_pool/index.php/Enterprise/enterprise.html | INFO: Tag[ view_template ] --END-- [ RunTime:0.001665s ]
[ 2012-09-08T09:36:32+08:00 ] /talent_pool/index.php/Enterprise/enterprise.html | INFO: Tag[ view_parse ] --START--
[ 2012-09-08T09:36:32+08:00 ] /talent_pool/index.php/Enterprise/enterprise.html | INFO: Run ParseTemplate Behavior [ RunTime:0.012595s ]
[ 2012-09-08T09:36:32+08:00 ] /talent_pool/index.php/Enterprise/enterprise.html | INFO: Tag[ view_parse ] --END-- [ RunTime:0.012724s ]
[ 2012-09-08T09:36:32+08:00 ] /talent_pool/index.php/Enterprise/enterprise.html | INFO: Tag[ view_filter ] --START--
[ 2012-09-08T09:36:32+08:00 ] /talent_pool/index.php/Enterprise/enterprise.html | INFO: Run ContentReplace Behavior [ RunTime:0.000970s ]
[ 2012-09-08T09:36:32+08:00 ] /talent_pool/index.php/Enterprise/enterprise.html | INFO: Run TokenBuild Behavior [ RunTime:0.001047s ]
[ 2012-09-08T09:36:32+08:00 ] /talent_pool/index.php/Enterprise/enterprise.html | INFO: Run WriteHtmlCache Behavior [ RunTime:0.000746s ]
[ 2012-09-08T09:36:32+08:00 ] /talent_pool/index.php/Enterprise/enterprise.html | INFO: Run ShowRuntime Behavior [ RunTime:0.001022s ]
[ 2012-09-08T09:36:32+08:00 ] /talent_pool/index.php/Enterprise/enterprise.html | INFO: Tag[ view_filter ] --END-- [ RunTime:0.004111s ]
[ 2012-09-08T09:36:32+08:00 ] /talent_pool/index.php/Enterprise/enterprise.html | INFO: Tag[ view_end ] --START--
[ 2012-09-08T09:36:32+08:00 ] /talent_pool/index.php/Enterprise/enterprise.html | INFO: Run ShowPageTrace Behavior [ RunTime:0.000939s ]
[ 2012-09-08T09:36:32+08:00 ] /talent_pool/index.php/Enterprise/enterprise.html | INFO: Tag[ view_end ] --END-- [ RunTime:0.001037s ]
[ 2012-09-08T09:36:33+08:00 ] /talent_pool/index.php/Enterprise/mailbox.html | INFO: Tag[ route_check ] --START--
[ 2012-09-08T09:36:33+08:00 ] /talent_pool/index.php/Enterprise/mailbox.html | INFO: Run CheckRoute Behavior [ RunTime:0.001440s ]
[ 2012-09-08T09:36:33+08:00 ] /talent_pool/index.php/Enterprise/mailbox.html | INFO: Tag[ route_check ] --END-- [ RunTime:0.001590s ]
[ 2012-09-08T09:36:33+08:00 ] /talent_pool/index.php/Enterprise/mailbox.html | INFO: Tag[ app_begin ] --START--
[ 2012-09-08T09:36:33+08:00 ] /talent_pool/index.php/Enterprise/mailbox.html | INFO: Run ReadHtmlCache Behavior [ RunTime:0.001206s ]
[ 2012-09-08T09:36:33+08:00 ] /talent_pool/index.php/Enterprise/mailbox.html | INFO: Tag[ app_begin ] --END-- [ RunTime:0.001330s ]
[ 2012-09-08T09:36:33+08:00 ] /talent_pool/index.php/Enterprise/mailbox.html | SQL: SHOW COLUMNS FROM `message` [ RunTime:0.006743s ]
[ 2012-09-08T09:36:33+08:00 ] /talent_pool/index.php/Enterprise/mailbox.html | SQL: SELECT COUNT(*) AS tp_count FROM `message` WHERE ( `receiver_id` = 'ENT_ibm' ) AND ( `unread` = 1 ) LIMIT 1   [ RunTime:0.000398s ]
[ 2012-09-08T09:36:33+08:00 ] /talent_pool/index.php/Enterprise/mailbox.html | SQL: SHOW COLUMNS FROM `message` [ RunTime:0.005941s ]
[ 2012-09-08T09:36:33+08:00 ] /talent_pool/index.php/Enterprise/mailbox.html | SQL: SELECT COUNT(*) AS tp_count FROM `message` WHERE ( `receiver_id` = 'ENT_ibm' ) AND ( `unread` = 1 ) AND ( `sender_type` = 1 ) LIMIT 1   [ RunTime:0.000409s ]
[ 2012-09-08T09:36:33+08:00 ] /talent_pool/index.php/Enterprise/mailbox.html | SQL: SHOW COLUMNS FROM `message` [ RunTime:0.005780s ]
[ 2012-09-08T09:36:33+08:00 ] /talent_pool/index.php/Enterprise/mailbox.html | SQL: SELECT COUNT(*) AS tp_count FROM `message` WHERE ( `receiver_id` = 'ENT_ibm' ) AND ( `unread` = 1 ) AND ( `sender_type` = 3 ) LIMIT 1   [ RunTime:0.000418s ]
[ 2012-09-08T09:36:33+08:00 ] /talent_pool/index.php/Enterprise/mailbox.html | SQL: SHOW COLUMNS FROM `message` [ RunTime:0.006462s ]
[ 2012-09-08T09:36:33+08:00 ] /talent_pool/index.php/Enterprise/mailbox.html | SQL: SELECT COUNT(*) AS tp_count FROM `message` WHERE ( `receiver_id` = 'ENT_ibm' ) AND ( `unread` = 1 ) AND ( `sender_type` = 4 ) LIMIT 1   [ RunTime:0.000368s ]
[ 2012-09-08T09:36:33+08:00 ] /talent_pool/index.php/Enterprise/mailbox.html | SQL: SHOW COLUMNS FROM `message` [ RunTime:0.005750s ]
[ 2012-09-08T09:36:33+08:00 ] /talent_pool/index.php/Enterprise/mailbox.html | SQL: SELECT COUNT(*) AS tp_count FROM `message` WHERE ( `receiver_id` = 'ENT_ibm' ) AND ( `unread` = 1 ) AND ( `sender_type` = 2 ) LIMIT 1   [ RunTime:0.000369s ]
[ 2012-09-08T09:36:33+08:00 ] /talent_pool/index.php/Enterprise/mailbox.html | INFO: Tag[ view_template ] --START--
[ 2012-09-08T09:36:33+08:00 ] /talent_pool/index.php/Enterprise/mailbox.html | INFO: Run LocationTemplate Behavior [ RunTime:0.002110s ]
[ 2012-09-08T09:36:33+08:00 ] /talent_pool/index.php/Enterprise/mailbox.html | INFO: Tag[ view_template ] --END-- [ RunTime:0.002234s ]
[ 2012-09-08T09:36:33+08:00 ] /talent_pool/index.php/Enterprise/mailbox.html | INFO: Tag[ view_parse ] --START--
[ 2012-09-08T09:36:33+08:00 ] /talent_pool/index.php/Enterprise/mailbox.html | INFO: Run ParseTemplate Behavior [ RunTime:0.052932s ]
[ 2012-09-08T09:36:33+08:00 ] /talent_pool/index.php/Enterprise/mailbox.html | INFO: Tag[ view_parse ] --END-- [ RunTime:0.053095s ]
[ 2012-09-08T09:36:33+08:00 ] /talent_pool/index.php/Enterprise/mailbox.html | INFO: Tag[ view_filter ] --START--
[ 2012-09-08T09:36:33+08:00 ] /talent_pool/index.php/Enterprise/mailbox.html | INFO: Run ContentReplace Behavior [ RunTime:0.000964s ]
[ 2012-09-08T09:36:33+08:00 ] /talent_pool/index.php/Enterprise/mailbox.html | INFO: Run TokenBuild Behavior [ RunTime:0.000961s ]
[ 2012-09-08T09:36:33+08:00 ] /talent_pool/index.php/Enterprise/mailbox.html | INFO: Run WriteHtmlCache Behavior [ RunTime:0.000726s ]
[ 2012-09-08T09:36:33+08:00 ] /talent_pool/index.php/Enterprise/mailbox.html | INFO: Run ShowRuntime Behavior [ RunTime:0.001030s ]
[ 2012-09-08T09:36:33+08:00 ] /talent_pool/index.php/Enterprise/mailbox.html | INFO: Tag[ view_filter ] --END-- [ RunTime:0.003976s ]
[ 2012-09-08T09:36:33+08:00 ] /talent_pool/index.php/Enterprise/mailbox.html | INFO: Tag[ view_end ] --START--
[ 2012-09-08T09:36:33+08:00 ] /talent_pool/index.php/Enterprise/mailbox.html | INFO: Run ShowPageTrace Behavior [ RunTime:0.000926s ]
[ 2012-09-08T09:36:33+08:00 ] /talent_pool/index.php/Enterprise/mailbox.html | INFO: Tag[ view_end ] --END-- [ RunTime:0.001030s ]
[ 2012-09-08T09:36:33+08:00 ] /talent_pool/index.php/Enterprise/img/setting.png | ERR: (ThinkException) 非法操作img
[ 2012-09-08T09:36:33+08:00 ] /talent_pool/index.php/Enterprise/img/sidebar-arrow.png | ERR: (ThinkException) 非法操作img
[ 2012-09-08T09:36:41+08:00 ] /talent_pool/index.php/Enterprise/mailbox.html | INFO: Tag[ route_check ] --START--
[ 2012-09-08T09:36:41+08:00 ] /talent_pool/index.php/Enterprise/mailbox.html | INFO: Run CheckRoute Behavior [ RunTime:0.001204s ]
[ 2012-09-08T09:36:41+08:00 ] /talent_pool/index.php/Enterprise/mailbox.html | INFO: Tag[ route_check ] --END-- [ RunTime:0.001335s ]
[ 2012-09-08T09:36:41+08:00 ] /talent_pool/index.php/Enterprise/mailbox.html | INFO: Tag[ app_begin ] --START--
[ 2012-09-08T09:36:41+08:00 ] /talent_pool/index.php/Enterprise/mailbox.html | INFO: Run ReadHtmlCache Behavior [ RunTime:0.001075s ]
[ 2012-09-08T09:36:41+08:00 ] /talent_pool/index.php/Enterprise/mailbox.html | INFO: Tag[ app_begin ] --END-- [ RunTime:0.001176s ]
[ 2012-09-08T09:36:41+08:00 ] /talent_pool/index.php/Enterprise/mailbox.html | SQL: SHOW COLUMNS FROM `message` [ RunTime:0.005411s ]
[ 2012-09-08T09:36:41+08:00 ] /talent_pool/index.php/Enterprise/mailbox.html | SQL: SELECT COUNT(*) AS tp_count FROM `message` WHERE ( `receiver_id` = 'ENT_ibm' ) AND ( `unread` = 1 ) LIMIT 1   [ RunTime:0.000484s ]
[ 2012-09-08T09:36:41+08:00 ] /talent_pool/index.php/Enterprise/mailbox.html | SQL: SHOW COLUMNS FROM `message` [ RunTime:0.007688s ]
[ 2012-09-08T09:36:41+08:00 ] /talent_pool/index.php/Enterprise/mailbox.html | SQL: SELECT COUNT(*) AS tp_count FROM `message` WHERE ( `receiver_id` = 'ENT_ibm' ) AND ( `unread` = 1 ) AND ( `sender_type` = 1 ) LIMIT 1   [ RunTime:0.000424s ]
[ 2012-09-08T09:36:41+08:00 ] /talent_pool/index.php/Enterprise/mailbox.html | SQL: SHOW COLUMNS FROM `message` [ RunTime:0.005927s ]
[ 2012-09-08T09:36:41+08:00 ] /talent_pool/index.php/Enterprise/mailbox.html | SQL: SELECT COUNT(*) AS tp_count FROM `message` WHERE ( `receiver_id` = 'ENT_ibm' ) AND ( `unread` = 1 ) AND ( `sender_type` = 3 ) LIMIT 1   [ RunTime:0.000588s ]
[ 2012-09-08T09:36:41+08:00 ] /talent_pool/index.php/Enterprise/mailbox.html | SQL: SHOW COLUMNS FROM `message` [ RunTime:0.005695s ]
[ 2012-09-08T09:36:41+08:00 ] /talent_pool/index.php/Enterprise/mailbox.html | SQL: SELECT COUNT(*) AS tp_count FROM `message` WHERE ( `receiver_id` = 'ENT_ibm' ) AND ( `unread` = 1 ) AND ( `sender_type` = 4 ) LIMIT 1   [ RunTime:0.000410s ]
[ 2012-09-08T09:36:41+08:00 ] /talent_pool/index.php/Enterprise/mailbox.html | SQL: SHOW COLUMNS FROM `message` [ RunTime:0.005511s ]
[ 2012-09-08T09:36:41+08:00 ] /talent_pool/index.php/Enterprise/mailbox.html | SQL: SELECT COUNT(*) AS tp_count FROM `message` WHERE ( `receiver_id` = 'ENT_ibm' ) AND ( `unread` = 1 ) AND ( `sender_type` = 2 ) LIMIT 1   [ RunTime:0.000427s ]
[ 2012-09-08T09:36:41+08:00 ] /talent_pool/index.php/Enterprise/mailbox.html | INFO: Tag[ view_template ] --START--
[ 2012-09-08T09:36:41+08:00 ] /talent_pool/index.php/Enterprise/mailbox.html | INFO: Run LocationTemplate Behavior [ RunTime:0.001742s ]
[ 2012-09-08T09:36:41+08:00 ] /talent_pool/index.php/Enterprise/mailbox.html | INFO: Tag[ view_template ] --END-- [ RunTime:0.001860s ]
[ 2012-09-08T09:36:41+08:00 ] /talent_pool/index.php/Enterprise/mailbox.html | INFO: Tag[ view_parse ] --START--
[ 2012-09-08T09:36:41+08:00 ] /talent_pool/index.php/Enterprise/mailbox.html | INFO: Run ParseTemplate Behavior [ RunTime:0.014639s ]
[ 2012-09-08T09:36:41+08:00 ] /talent_pool/index.php/Enterprise/mailbox.html | INFO: Tag[ view_parse ] --END-- [ RunTime:0.014771s ]
[ 2012-09-08T09:36:41+08:00 ] /talent_pool/index.php/Enterprise/mailbox.html | INFO: Tag[ view_filter ] --START--
[ 2012-09-08T09:36:41+08:00 ] /talent_pool/index.php/Enterprise/mailbox.html | INFO: Run ContentReplace Behavior [ RunTime:0.000955s ]
[ 2012-09-08T09:36:41+08:00 ] /talent_pool/index.php/Enterprise/mailbox.html | INFO: Run TokenBuild Behavior [ RunTime:0.000973s ]
[ 2012-09-08T09:36:41+08:00 ] /talent_pool/index.php/Enterprise/mailbox.html | INFO: Run WriteHtmlCache Behavior [ RunTime:0.000789s ]
[ 2012-09-08T09:36:41+08:00 ] /talent_pool/index.php/Enterprise/mailbox.html | INFO: Run ShowRuntime Behavior [ RunTime:0.001102s ]
[ 2012-09-08T09:36:41+08:00 ] /talent_pool/index.php/Enterprise/mailbox.html | INFO: Tag[ view_filter ] --END-- [ RunTime:0.004133s ]
[ 2012-09-08T09:36:41+08:00 ] /talent_pool/index.php/Enterprise/mailbox.html | INFO: Tag[ view_end ] --START--
[ 2012-09-08T09:36:41+08:00 ] /talent_pool/index.php/Enterprise/mailbox.html | INFO: Run ShowPageTrace Behavior [ RunTime:0.001172s ]
[ 2012-09-08T09:36:41+08:00 ] /talent_pool/index.php/Enterprise/mailbox.html | INFO: Tag[ view_end ] --END-- [ RunTime:0.001281s ]
[ 2012-09-08T09:36:41+08:00 ] /talent_pool/index.php/Enterprise/img/setting.png | ERR: (ThinkException) 非法操作img
[ 2012-09-08T09:36:41+08:00 ] /talent_pool/index.php/Enterprise/img/sidebar-arrow.png | ERR: (ThinkException) 非法操作img
[ 2012-09-08T09:40:10+08:00 ] /talent_pool/index.php/Enterprise/enterprise.html | INFO: Tag[ route_check ] --START--
[ 2012-09-08T09:40:10+08:00 ] /talent_pool/index.php/Enterprise/enterprise.html | INFO: Run CheckRoute Behavior [ RunTime:0.001537s ]
[ 2012-09-08T09:40:10+08:00 ] /talent_pool/index.php/Enterprise/enterprise.html | INFO: Tag[ route_check ] --END-- [ RunTime:0.001674s ]
[ 2012-09-08T09:40:10+08:00 ] /talent_pool/index.php/Enterprise/enterprise.html | INFO: Tag[ app_begin ] --START--
[ 2012-09-08T09:40:10+08:00 ] /talent_pool/index.php/Enterprise/enterprise.html | INFO: Run ReadHtmlCache Behavior [ RunTime:0.001118s ]
[ 2012-09-08T09:40:10+08:00 ] /talent_pool/index.php/Enterprise/enterprise.html | INFO: Tag[ app_begin ] --END-- [ RunTime:0.001220s ]
[ 2012-09-08T09:40:10+08:00 ] /talent_pool/index.php/Enterprise/enterprise.html | SQL: SHOW COLUMNS FROM `enterprise` [ RunTime:0.016639s ]
[ 2012-09-08T09:40:10+08:00 ] /talent_pool/index.php/Enterprise/enterprise.html | SQL: SELECT * FROM `enterprise` WHERE ( `eid` = 'ENT_ibm' ) LIMIT 1   [ RunTime:0.000683s ]
[ 2012-09-08T09:40:10+08:00 ] /talent_pool/index.php/Enterprise/enterprise.html | NOTIC: [8] Undefined index: username CommonUserAction.class.php 第 18 行.
[ 2012-09-08T09:40:10+08:00 ] /talent_pool/index.php/Enterprise/enterprise.html | INFO: Tag[ view_template ] --START--
[ 2012-09-08T09:40:10+08:00 ] /talent_pool/index.php/Enterprise/enterprise.html | INFO: Run LocationTemplate Behavior [ RunTime:0.001559s ]
[ 2012-09-08T09:40:10+08:00 ] /talent_pool/index.php/Enterprise/enterprise.html | INFO: Tag[ view_template ] --END-- [ RunTime:0.001672s ]
[ 2012-09-08T09:40:10+08:00 ] /talent_pool/index.php/Enterprise/enterprise.html | INFO: Tag[ view_parse ] --START--
[ 2012-09-08T09:40:10+08:00 ] /talent_pool/index.php/Enterprise/enterprise.html | INFO: Run ParseTemplate Behavior [ RunTime:0.012625s ]
[ 2012-09-08T09:40:10+08:00 ] /talent_pool/index.php/Enterprise/enterprise.html | INFO: Tag[ view_parse ] --END-- [ RunTime:0.012754s ]
[ 2012-09-08T09:40:10+08:00 ] /talent_pool/index.php/Enterprise/enterprise.html | INFO: Tag[ view_filter ] --START--
[ 2012-09-08T09:40:10+08:00 ] /talent_pool/index.php/Enterprise/enterprise.html | INFO: Run ContentReplace Behavior [ RunTime:0.000957s ]
[ 2012-09-08T09:40:10+08:00 ] /talent_pool/index.php/Enterprise/enterprise.html | INFO: Run TokenBuild Behavior [ RunTime:0.000949s ]
[ 2012-09-08T09:40:10+08:00 ] /talent_pool/index.php/Enterprise/enterprise.html | INFO: Run WriteHtmlCache Behavior [ RunTime:0.000745s ]
[ 2012-09-08T09:40:10+08:00 ] /talent_pool/index.php/Enterprise/enterprise.html | INFO: Run ShowRuntime Behavior [ RunTime:0.001012s ]
[ 2012-09-08T09:40:10+08:00 ] /talent_pool/index.php/Enterprise/enterprise.html | INFO: Tag[ view_filter ] --END-- [ RunTime:0.003957s ]
[ 2012-09-08T09:40:10+08:00 ] /talent_pool/index.php/Enterprise/enterprise.html | INFO: Tag[ view_end ] --START--
[ 2012-09-08T09:40:10+08:00 ] /talent_pool/index.php/Enterprise/enterprise.html | INFO: Run ShowPageTrace Behavior [ RunTime:0.000955s ]
[ 2012-09-08T09:40:10+08:00 ] /talent_pool/index.php/Enterprise/enterprise.html | INFO: Tag[ view_end ] --END-- [ RunTime:0.001052s ]
[ 2012-09-08T09:40:12+08:00 ] /talent_pool/index.php/Enterprise/enterprise.html | INFO: Tag[ route_check ] --START--
[ 2012-09-08T09:40:12+08:00 ] /talent_pool/index.php/Enterprise/enterprise.html | INFO: Run CheckRoute Behavior [ RunTime:0.001278s ]
[ 2012-09-08T09:40:12+08:00 ] /talent_pool/index.php/Enterprise/enterprise.html | INFO: Tag[ route_check ] --END-- [ RunTime:0.001402s ]
[ 2012-09-08T09:40:12+08:00 ] /talent_pool/index.php/Enterprise/enterprise.html | INFO: Tag[ app_begin ] --START--
[ 2012-09-08T09:40:12+08:00 ] /talent_pool/index.php/Enterprise/enterprise.html | INFO: Run ReadHtmlCache Behavior [ RunTime:0.001012s ]
[ 2012-09-08T09:40:12+08:00 ] /talent_pool/index.php/Enterprise/enterprise.html | INFO: Tag[ app_begin ] --END-- [ RunTime:0.001111s ]
[ 2012-09-08T09:40:12+08:00 ] /talent_pool/index.php/Enterprise/enterprise.html | SQL: SHOW COLUMNS FROM `enterprise` [ RunTime:0.006188s ]
[ 2012-09-08T09:40:12+08:00 ] /talent_pool/index.php/Enterprise/enterprise.html | SQL: SELECT * FROM `enterprise` WHERE ( `eid` = 'ENT_ibm' ) LIMIT 1   [ RunTime:0.000756s ]
[ 2012-09-08T09:40:12+08:00 ] /talent_pool/index.php/Enterprise/enterprise.html | NOTIC: [8] Undefined index: username CommonUserAction.class.php 第 18 行.
[ 2012-09-08T09:40:12+08:00 ] /talent_pool/index.php/Enterprise/enterprise.html | INFO: Tag[ view_template ] --START--
[ 2012-09-08T09:40:12+08:00 ] /talent_pool/index.php/Enterprise/enterprise.html | INFO: Run LocationTemplate Behavior [ RunTime:0.001516s ]
[ 2012-09-08T09:40:12+08:00 ] /talent_pool/index.php/Enterprise/enterprise.html | INFO: Tag[ view_template ] --END-- [ RunTime:0.001630s ]
[ 2012-09-08T09:40:12+08:00 ] /talent_pool/index.php/Enterprise/enterprise.html | INFO: Tag[ view_parse ] --START--
[ 2012-09-08T09:40:12+08:00 ] /talent_pool/index.php/Enterprise/enterprise.html | INFO: Run ParseTemplate Behavior [ RunTime:0.011124s ]
[ 2012-09-08T09:40:12+08:00 ] /talent_pool/index.php/Enterprise/enterprise.html | INFO: Tag[ view_parse ] --END-- [ RunTime:0.011255s ]
[ 2012-09-08T09:40:12+08:00 ] /talent_pool/index.php/Enterprise/enterprise.html | INFO: Tag[ view_filter ] --START--
[ 2012-09-08T09:40:12+08:00 ] /talent_pool/index.php/Enterprise/enterprise.html | INFO: Run ContentReplace Behavior [ RunTime:0.000944s ]
[ 2012-09-08T09:40:12+08:00 ] /talent_pool/index.php/Enterprise/enterprise.html | INFO: Run TokenBuild Behavior [ RunTime:0.000930s ]
[ 2012-09-08T09:40:12+08:00 ] /talent_pool/index.php/Enterprise/enterprise.html | INFO: Run WriteHtmlCache Behavior [ RunTime:0.000753s ]
[ 2012-09-08T09:40:12+08:00 ] /talent_pool/index.php/Enterprise/enterprise.html | INFO: Run ShowRuntime Behavior [ RunTime:0.001026s ]
[ 2012-09-08T09:40:12+08:00 ] /talent_pool/index.php/Enterprise/enterprise.html | INFO: Tag[ view_filter ] --END-- [ RunTime:0.003951s ]
[ 2012-09-08T09:40:12+08:00 ] /talent_pool/index.php/Enterprise/enterprise.html | INFO: Tag[ view_end ] --START--
[ 2012-09-08T09:40:12+08:00 ] /talent_pool/index.php/Enterprise/enterprise.html | INFO: Run ShowPageTrace Behavior [ RunTime:0.000956s ]
[ 2012-09-08T09:40:12+08:00 ] /talent_pool/index.php/Enterprise/enterprise.html | INFO: Tag[ view_end ] --END-- [ RunTime:0.001054s ]
[ 2012-09-08T09:41:55+08:00 ] /talent_pool/index.php/Enterprise/enterprise.html | INFO: Tag[ route_check ] --START--
[ 2012-09-08T09:41:55+08:00 ] /talent_pool/index.php/Enterprise/enterprise.html | INFO: Run CheckRoute Behavior [ RunTime:0.001641s ]
[ 2012-09-08T09:41:55+08:00 ] /talent_pool/index.php/Enterprise/enterprise.html | INFO: Tag[ route_check ] --END-- [ RunTime:0.001811s ]
[ 2012-09-08T09:41:55+08:00 ] /talent_pool/index.php/Enterprise/enterprise.html | INFO: Tag[ app_begin ] --START--
[ 2012-09-08T09:41:55+08:00 ] /talent_pool/index.php/Enterprise/enterprise.html | INFO: Run ReadHtmlCache Behavior [ RunTime:0.001184s ]
[ 2012-09-08T09:41:55+08:00 ] /talent_pool/index.php/Enterprise/enterprise.html | INFO: Tag[ app_begin ] --END-- [ RunTime:0.001331s ]
[ 2012-09-08T09:41:55+08:00 ] /talent_pool/index.php/Enterprise/enterprise.html | SQL: SHOW COLUMNS FROM `enterprise` [ RunTime:0.005821s ]
[ 2012-09-08T09:41:55+08:00 ] /talent_pool/index.php/Enterprise/enterprise.html | SQL: SELECT * FROM `enterprise` WHERE ( `eid` = 'ENT_ibm' ) LIMIT 1   [ RunTime:0.000536s ]
[ 2012-09-08T09:41:55+08:00 ] /talent_pool/index.php/Enterprise/enterprise.html | NOTIC: [8] Undefined index: username CommonUserAction.class.php 第 18 行.
[ 2012-09-08T09:41:55+08:00 ] /talent_pool/index.php/Enterprise/enterprise.html | INFO: Tag[ view_template ] --START--
[ 2012-09-08T09:41:55+08:00 ] /talent_pool/index.php/Enterprise/enterprise.html | INFO: Run LocationTemplate Behavior [ RunTime:0.002188s ]
[ 2012-09-08T09:41:55+08:00 ] /talent_pool/index.php/Enterprise/enterprise.html | INFO: Tag[ view_template ] --END-- [ RunTime:0.002350s ]
[ 2012-09-08T09:41:55+08:00 ] /talent_pool/index.php/Enterprise/enterprise.html | INFO: Tag[ view_parse ] --START--
[ 2012-09-08T09:41:55+08:00 ] /talent_pool/index.php/Enterprise/enterprise.html | INFO: Run ParseTemplate Behavior [ RunTime:0.011948s ]
[ 2012-09-08T09:41:55+08:00 ] /talent_pool/index.php/Enterprise/enterprise.html | INFO: Tag[ view_parse ] --END-- [ RunTime:0.012077s ]
[ 2012-09-08T09:41:55+08:00 ] /talent_pool/index.php/Enterprise/enterprise.html | INFO: Tag[ view_filter ] --START--
[ 2012-09-08T09:41:55+08:00 ] /talent_pool/index.php/Enterprise/enterprise.html | INFO: Run ContentReplace Behavior [ RunTime:0.000973s ]
[ 2012-09-08T09:41:55+08:00 ] /talent_pool/index.php/Enterprise/enterprise.html | INFO: Run TokenBuild Behavior [ RunTime:0.000952s ]
[ 2012-09-08T09:41:55+08:00 ] /talent_pool/index.php/Enterprise/enterprise.html | INFO: Run WriteHtmlCache Behavior [ RunTime:0.000770s ]
[ 2012-09-08T09:41:55+08:00 ] /talent_pool/index.php/Enterprise/enterprise.html | INFO: Run ShowRuntime Behavior [ RunTime:0.001353s ]
[ 2012-09-08T09:41:55+08:00 ] /talent_pool/index.php/Enterprise/enterprise.html | INFO: Tag[ view_filter ] --END-- [ RunTime:0.004401s ]
[ 2012-09-08T09:41:55+08:00 ] /talent_pool/index.php/Enterprise/enterprise.html | INFO: Tag[ view_end ] --START--
[ 2012-09-08T09:41:55+08:00 ] /talent_pool/index.php/Enterprise/enterprise.html | INFO: Run ShowPageTrace Behavior [ RunTime:0.001001s ]
[ 2012-09-08T09:41:55+08:00 ] /talent_pool/index.php/Enterprise/enterprise.html | INFO: Tag[ view_end ] --END-- [ RunTime:0.001102s ]
[ 2012-09-08T09:41:55+08:00 ] /talent_pool/index.php/Enterprise/enterprise.html | INFO: Tag[ route_check ] --START--
[ 2012-09-08T09:41:55+08:00 ] /talent_pool/index.php/Enterprise/enterprise.html | INFO: Run CheckRoute Behavior [ RunTime:0.001396s ]
[ 2012-09-08T09:41:55+08:00 ] /talent_pool/index.php/Enterprise/enterprise.html | INFO: Tag[ route_check ] --END-- [ RunTime:0.001522s ]
[ 2012-09-08T09:41:55+08:00 ] /talent_pool/index.php/Enterprise/enterprise.html | INFO: Tag[ app_begin ] --START--
[ 2012-09-08T09:41:55+08:00 ] /talent_pool/index.php/Enterprise/enterprise.html | INFO: Run ReadHtmlCache Behavior [ RunTime:0.001035s ]
[ 2012-09-08T09:41:55+08:00 ] /talent_pool/index.php/Enterprise/enterprise.html | INFO: Tag[ app_begin ] --END-- [ RunTime:0.001134s ]
[ 2012-09-08T09:41:55+08:00 ] /talent_pool/index.php/Enterprise/enterprise.html | SQL: SHOW COLUMNS FROM `enterprise` [ RunTime:0.006048s ]
[ 2012-09-08T09:41:55+08:00 ] /talent_pool/index.php/Enterprise/enterprise.html | SQL: SELECT * FROM `enterprise` WHERE ( `eid` = 'ENT_ibm' ) LIMIT 1   [ RunTime:0.000413s ]
[ 2012-09-08T09:41:55+08:00 ] /talent_pool/index.php/Enterprise/enterprise.html | NOTIC: [8] Undefined index: username CommonUserAction.class.php 第 18 行.
[ 2012-09-08T09:41:55+08:00 ] /talent_pool/index.php/Enterprise/enterprise.html | INFO: Tag[ view_template ] --START--
[ 2012-09-08T09:41:55+08:00 ] /talent_pool/index.php/Enterprise/enterprise.html | INFO: Run LocationTemplate Behavior [ RunTime:0.001605s ]
[ 2012-09-08T09:41:55+08:00 ] /talent_pool/index.php/Enterprise/enterprise.html | INFO: Tag[ view_template ] --END-- [ RunTime:0.001719s ]
[ 2012-09-08T09:41:55+08:00 ] /talent_pool/index.php/Enterprise/enterprise.html | INFO: Tag[ view_parse ] --START--
[ 2012-09-08T09:41:55+08:00 ] /talent_pool/index.php/Enterprise/enterprise.html | INFO: Run ParseTemplate Behavior [ RunTime:0.012082s ]
[ 2012-09-08T09:41:55+08:00 ] /talent_pool/index.php/Enterprise/enterprise.html | INFO: Tag[ view_parse ] --END-- [ RunTime:0.012217s ]
[ 2012-09-08T09:41:55+08:00 ] /talent_pool/index.php/Enterprise/enterprise.html | INFO: Tag[ view_filter ] --START--
[ 2012-09-08T09:41:55+08:00 ] /talent_pool/index.php/Enterprise/enterprise.html | INFO: Run ContentReplace Behavior [ RunTime:0.001172s ]
[ 2012-09-08T09:41:55+08:00 ] /talent_pool/index.php/Enterprise/enterprise.html | INFO: Run TokenBuild Behavior [ RunTime:0.001043s ]
[ 2012-09-08T09:41:55+08:00 ] /talent_pool/index.php/Enterprise/enterprise.html | INFO: Run WriteHtmlCache Behavior [ RunTime:0.000796s ]
[ 2012-09-08T09:41:55+08:00 ] /talent_pool/index.php/Enterprise/enterprise.html | INFO: Run ShowRuntime Behavior [ RunTime:0.001033s ]
[ 2012-09-08T09:41:55+08:00 ] /talent_pool/index.php/Enterprise/enterprise.html | INFO: Tag[ view_filter ] --END-- [ RunTime:0.004347s ]
[ 2012-09-08T09:41:55+08:00 ] /talent_pool/index.php/Enterprise/enterprise.html | INFO: Tag[ view_end ] --START--
[ 2012-09-08T09:41:55+08:00 ] /talent_pool/index.php/Enterprise/enterprise.html | INFO: Run ShowPageTrace Behavior [ RunTime:0.000950s ]
[ 2012-09-08T09:41:55+08:00 ] /talent_pool/index.php/Enterprise/enterprise.html | INFO: Tag[ view_end ] --END-- [ RunTime:0.001047s ]
[ 2012-09-08T09:41:57+08:00 ] /talent_pool/ | INFO: Tag[ app_begin ] --START--
[ 2012-09-08T09:41:57+08:00 ] /talent_pool/ | INFO: Run ReadHtmlCache Behavior [ RunTime:0.001217s ]
[ 2012-09-08T09:41:57+08:00 ] /talent_pool/ | INFO: Tag[ app_begin ] --END-- [ RunTime:0.001378s ]
[ 2012-09-08T09:41:57+08:00 ] /talent_pool/ | INFO: Tag[ view_template ] --START--
[ 2012-09-08T09:41:57+08:00 ] /talent_pool/ | INFO: Run LocationTemplate Behavior [ RunTime:0.001421s ]
[ 2012-09-08T09:41:57+08:00 ] /talent_pool/ | INFO: Tag[ view_template ] --END-- [ RunTime:0.001547s ]
[ 2012-09-08T09:41:57+08:00 ] /talent_pool/ | INFO: Tag[ view_parse ] --START--
[ 2012-09-08T09:41:57+08:00 ] /talent_pool/ | INFO: Run ParseTemplate Behavior [ RunTime:0.010653s ]
[ 2012-09-08T09:41:57+08:00 ] /talent_pool/ | INFO: Tag[ view_parse ] --END-- [ RunTime:0.010784s ]
[ 2012-09-08T09:41:57+08:00 ] /talent_pool/ | INFO: Tag[ view_filter ] --START--
[ 2012-09-08T09:41:57+08:00 ] /talent_pool/ | INFO: Run ContentReplace Behavior [ RunTime:0.000939s ]
[ 2012-09-08T09:41:57+08:00 ] /talent_pool/ | INFO: Run TokenBuild Behavior [ RunTime:0.001116s ]
[ 2012-09-08T09:41:57+08:00 ] /talent_pool/ | INFO: Run WriteHtmlCache Behavior [ RunTime:0.000747s ]
[ 2012-09-08T09:41:57+08:00 ] /talent_pool/ | INFO: Run ShowRuntime Behavior [ RunTime:0.001023s ]
[ 2012-09-08T09:41:57+08:00 ] /talent_pool/ | INFO: Tag[ view_filter ] --END-- [ RunTime:0.004122s ]
[ 2012-09-08T09:41:57+08:00 ] /talent_pool/ | INFO: Tag[ view_end ] --START--
[ 2012-09-08T09:41:57+08:00 ] /talent_pool/ | INFO: Run ShowPageTrace Behavior [ RunTime:0.000936s ]
[ 2012-09-08T09:41:57+08:00 ] /talent_pool/ | INFO: Tag[ view_end ] --END-- [ RunTime:0.001039s ]
[ 2012-09-08T09:42:04+08:00 ] /talent_pool/index.php/Index/login | INFO: Tag[ route_check ] --START--
[ 2012-09-08T09:42:04+08:00 ] /talent_pool/index.php/Index/login | INFO: Run CheckRoute Behavior [ RunTime:0.001297s ]
[ 2012-09-08T09:42:04+08:00 ] /talent_pool/index.php/Index/login | INFO: Tag[ route_check ] --END-- [ RunTime:0.001420s ]
[ 2012-09-08T09:42:04+08:00 ] /talent_pool/index.php/Index/login | INFO: Tag[ app_begin ] --START--
[ 2012-09-08T09:42:04+08:00 ] /talent_pool/index.php/Index/login | INFO: Run ReadHtmlCache Behavior [ RunTime:0.001099s ]
[ 2012-09-08T09:42:04+08:00 ] /talent_pool/index.php/Index/login | INFO: Tag[ app_begin ] --END-- [ RunTime:0.001204s ]
[ 2012-09-08T09:42:04+08:00 ] /talent_pool/index.php/Index/login | SQL: SHOW COLUMNS FROM `teacher` [ RunTime:0.006146s ]
[ 2012-09-08T09:42:04+08:00 ] /talent_pool/index.php/Index/login | SQL: SELECT * FROM `teacher` WHERE ( `tid` = 'SYSU_wangbq' ) AND ( `password` = 'e10adc3949ba59abbe56e057f20f883e' )  [ RunTime:0.000496s ]
[ 2012-09-08T09:42:04+08:00 ] /talent_pool/index.php/Teacher/teacher.html | INFO: Tag[ route_check ] --START--
[ 2012-09-08T09:42:04+08:00 ] /talent_pool/index.php/Teacher/teacher.html | INFO: Run CheckRoute Behavior [ RunTime:0.001342s ]
[ 2012-09-08T09:42:04+08:00 ] /talent_pool/index.php/Teacher/teacher.html | INFO: Tag[ route_check ] --END-- [ RunTime:0.001476s ]
[ 2012-09-08T09:42:04+08:00 ] /talent_pool/index.php/Teacher/teacher.html | INFO: Tag[ app_begin ] --START--
[ 2012-09-08T09:42:04+08:00 ] /talent_pool/index.php/Teacher/teacher.html | INFO: Run ReadHtmlCache Behavior [ RunTime:0.001187s ]
[ 2012-09-08T09:42:04+08:00 ] /talent_pool/index.php/Teacher/teacher.html | INFO: Tag[ app_begin ] --END-- [ RunTime:0.001293s ]
[ 2012-09-08T09:42:04+08:00 ] /talent_pool/index.php/Teacher/teacher.html | SQL: SHOW COLUMNS FROM `teacher` [ RunTime:0.006175s ]
[ 2012-09-08T09:42:04+08:00 ] /talent_pool/index.php/Teacher/teacher.html | SQL: SELECT * FROM `teacher` WHERE ( `tid` = 'SYSU_wangbq' ) LIMIT 1   [ RunTime:0.000654s ]
[ 2012-09-08T09:42:04+08:00 ] /talent_pool/index.php/Teacher/teacher.html | NOTIC: [8] Undefined index: username CommonUserAction.class.php 第 18 行.
[ 2012-09-08T09:42:04+08:00 ] /talent_pool/index.php/Teacher/teacher.html | INFO: Tag[ view_template ] --START--
[ 2012-09-08T09:42:04+08:00 ] /talent_pool/index.php/Teacher/teacher.html | INFO: Run LocationTemplate Behavior [ RunTime:0.001680s ]
[ 2012-09-08T09:42:04+08:00 ] /talent_pool/index.php/Teacher/teacher.html | INFO: Tag[ view_template ] --END-- [ RunTime:0.001799s ]
[ 2012-09-08T09:42:04+08:00 ] /talent_pool/index.php/Teacher/teacher.html | INFO: Tag[ view_parse ] --START--
[ 2012-09-08T09:42:04+08:00 ] /talent_pool/index.php/Teacher/teacher.html | INFO: Run ParseTemplate Behavior [ RunTime:0.011456s ]
[ 2012-09-08T09:42:04+08:00 ] /talent_pool/index.php/Teacher/teacher.html | INFO: Tag[ view_parse ] --END-- [ RunTime:0.011597s ]
[ 2012-09-08T09:42:04+08:00 ] /talent_pool/index.php/Teacher/teacher.html | INFO: Tag[ view_filter ] --START--
[ 2012-09-08T09:42:04+08:00 ] /talent_pool/index.php/Teacher/teacher.html | INFO: Run ContentReplace Behavior [ RunTime:0.000986s ]
[ 2012-09-08T09:42:04+08:00 ] /talent_pool/index.php/Teacher/teacher.html | INFO: Run TokenBuild Behavior [ RunTime:0.001112s ]
[ 2012-09-08T09:42:04+08:00 ] /talent_pool/index.php/Teacher/teacher.html | INFO: Run WriteHtmlCache Behavior [ RunTime:0.000770s ]
[ 2012-09-08T09:42:04+08:00 ] /talent_pool/index.php/Teacher/teacher.html | INFO: Run ShowRuntime Behavior [ RunTime:0.001032s ]
[ 2012-09-08T09:42:04+08:00 ] /talent_pool/index.php/Teacher/teacher.html | INFO: Tag[ view_filter ] --END-- [ RunTime:0.004216s ]
[ 2012-09-08T09:42:04+08:00 ] /talent_pool/index.php/Teacher/teacher.html | INFO: Tag[ view_end ] --START--
[ 2012-09-08T09:42:04+08:00 ] /talent_pool/index.php/Teacher/teacher.html | INFO: Run ShowPageTrace Behavior [ RunTime:0.000998s ]
[ 2012-09-08T09:42:04+08:00 ] /talent_pool/index.php/Teacher/teacher.html | INFO: Tag[ view_end ] --END-- [ RunTime:0.001095s ]
[ 2012-09-08T09:42:08+08:00 ] /talent_pool/index.php/Teacher/recommandStudent | INFO: Tag[ route_check ] --START--
[ 2012-09-08T09:42:08+08:00 ] /talent_pool/index.php/Teacher/recommandStudent | INFO: Run CheckRoute Behavior [ RunTime:0.001433s ]
[ 2012-09-08T09:42:08+08:00 ] /talent_pool/index.php/Teacher/recommandStudent | INFO: Tag[ route_check ] --END-- [ RunTime:0.001562s ]
[ 2012-09-08T09:42:08+08:00 ] /talent_pool/index.php/Teacher/recommandStudent | INFO: Tag[ app_begin ] --START--
[ 2012-09-08T09:42:08+08:00 ] /talent_pool/index.php/Teacher/recommandStudent | INFO: Run ReadHtmlCache Behavior [ RunTime:0.001073s ]
[ 2012-09-08T09:42:08+08:00 ] /talent_pool/index.php/Teacher/recommandStudent | INFO: Tag[ app_begin ] --END-- [ RunTime:0.001174s ]
[ 2012-09-08T09:42:08+08:00 ] /talent_pool/index.php/Teacher/recommandStudent | INFO: Tag[ view_template ] --START--
[ 2012-09-08T09:42:08+08:00 ] /talent_pool/index.php/Teacher/recommandStudent | INFO: Run LocationTemplate Behavior [ RunTime:0.001423s ]
[ 2012-09-08T09:42:08+08:00 ] /talent_pool/index.php/Teacher/recommandStudent | INFO: Tag[ view_template ] --END-- [ RunTime:0.001544s ]
[ 2012-09-08T09:42:08+08:00 ] /talent_pool/index.php/Teacher/recommandStudent | INFO: Tag[ view_parse ] --START--
[ 2012-09-08T09:42:08+08:00 ] /talent_pool/index.php/Teacher/recommandStudent | INFO: Run ParseTemplate Behavior [ RunTime:0.016082s ]
[ 2012-09-08T09:42:08+08:00 ] /talent_pool/index.php/Teacher/recommandStudent | INFO: Tag[ view_parse ] --END-- [ RunTime:0.016217s ]
[ 2012-09-08T09:42:08+08:00 ] /talent_pool/index.php/Teacher/recommandStudent | INFO: Tag[ view_filter ] --START--
[ 2012-09-08T09:42:08+08:00 ] /talent_pool/index.php/Teacher/recommandStudent | INFO: Run ContentReplace Behavior [ RunTime:0.001101s ]
[ 2012-09-08T09:42:08+08:00 ] /talent_pool/index.php/Teacher/recommandStudent | INFO: Run TokenBuild Behavior [ RunTime:0.001218s ]
[ 2012-09-08T09:42:08+08:00 ] /talent_pool/index.php/Teacher/recommandStudent | INFO: Run WriteHtmlCache Behavior [ RunTime:0.000875s ]
[ 2012-09-08T09:42:08+08:00 ] /talent_pool/index.php/Teacher/recommandStudent | INFO: Run ShowRuntime Behavior [ RunTime:0.001087s ]
[ 2012-09-08T09:42:08+08:00 ] /talent_pool/index.php/Teacher/recommandStudent | INFO: Tag[ view_filter ] --END-- [ RunTime:0.004601s ]
[ 2012-09-08T09:42:08+08:00 ] /talent_pool/index.php/Teacher/recommandStudent | INFO: Tag[ view_end ] --START--
[ 2012-09-08T09:42:08+08:00 ] /talent_pool/index.php/Teacher/recommandStudent | INFO: Run ShowPageTrace Behavior [ RunTime:0.000972s ]
[ 2012-09-08T09:42:08+08:00 ] /talent_pool/index.php/Teacher/recommandStudent | INFO: Tag[ view_end ] --END-- [ RunTime:0.001082s ]
[ 2012-09-08T09:42:15+08:00 ] /talent_pool/index.php/Teacher/recommandStudent | INFO: Tag[ route_check ] --START--
[ 2012-09-08T09:42:15+08:00 ] /talent_pool/index.php/Teacher/recommandStudent | INFO: Run CheckRoute Behavior [ RunTime:0.001322s ]
[ 2012-09-08T09:42:15+08:00 ] /talent_pool/index.php/Teacher/recommandStudent | INFO: Tag[ route_check ] --END-- [ RunTime:0.001453s ]
[ 2012-09-08T09:42:15+08:00 ] /talent_pool/index.php/Teacher/recommandStudent | INFO: Tag[ app_begin ] --START--
[ 2012-09-08T09:42:15+08:00 ] /talent_pool/index.php/Teacher/recommandStudent | INFO: Run ReadHtmlCache Behavior [ RunTime:0.001086s ]
[ 2012-09-08T09:42:15+08:00 ] /talent_pool/index.php/Teacher/recommandStudent | INFO: Tag[ app_begin ] --END-- [ RunTime:0.001190s ]
[ 2012-09-08T09:42:15+08:00 ] /talent_pool/index.php/Teacher/recommandStudent | INFO: Tag[ view_template ] --START--
[ 2012-09-08T09:42:15+08:00 ] /talent_pool/index.php/Teacher/recommandStudent | INFO: Run LocationTemplate Behavior [ RunTime:0.001380s ]
[ 2012-09-08T09:42:15+08:00 ] /talent_pool/index.php/Teacher/recommandStudent | INFO: Tag[ view_template ] --END-- [ RunTime:0.001498s ]
[ 2012-09-08T09:42:15+08:00 ] /talent_pool/index.php/Teacher/recommandStudent | INFO: Tag[ view_parse ] --START--
[ 2012-09-08T09:42:15+08:00 ] /talent_pool/index.php/Teacher/recommandStudent | INFO: Run ParseTemplate Behavior [ RunTime:0.015519s ]
[ 2012-09-08T09:42:15+08:00 ] /talent_pool/index.php/Teacher/recommandStudent | INFO: Tag[ view_parse ] --END-- [ RunTime:0.015645s ]
[ 2012-09-08T09:42:15+08:00 ] /talent_pool/index.php/Teacher/recommandStudent | INFO: Tag[ view_filter ] --START--
[ 2012-09-08T09:42:15+08:00 ] /talent_pool/index.php/Teacher/recommandStudent | INFO: Run ContentReplace Behavior [ RunTime:0.001128s ]
[ 2012-09-08T09:42:15+08:00 ] /talent_pool/index.php/Teacher/recommandStudent | INFO: Run TokenBuild Behavior [ RunTime:0.001120s ]
[ 2012-09-08T09:42:15+08:00 ] /talent_pool/index.php/Teacher/recommandStudent | INFO: Run WriteHtmlCache Behavior [ RunTime:0.000745s ]
[ 2012-09-08T09:42:15+08:00 ] /talent_pool/index.php/Teacher/recommandStudent | INFO: Run ShowRuntime Behavior [ RunTime:0.001049s ]
[ 2012-09-08T09:42:15+08:00 ] /talent_pool/index.php/Teacher/recommandStudent | INFO: Tag[ view_filter ] --END-- [ RunTime:0.004332s ]
[ 2012-09-08T09:42:15+08:00 ] /talent_pool/index.php/Teacher/recommandStudent | INFO: Tag[ view_end ] --START--
[ 2012-09-08T09:42:15+08:00 ] /talent_pool/index.php/Teacher/recommandStudent | INFO: Run ShowPageTrace Behavior [ RunTime:0.000938s ]
[ 2012-09-08T09:42:15+08:00 ] /talent_pool/index.php/Teacher/recommandStudent | INFO: Tag[ view_end ] --END-- [ RunTime:0.001032s ]
[ 2012-09-08T09:51:45+08:00 ] /talent_pool/index.php/Teacher/allStudents | INFO: Tag[ route_check ] --START--
[ 2012-09-08T09:51:45+08:00 ] /talent_pool/index.php/Teacher/allStudents | INFO: Run CheckRoute Behavior [ RunTime:0.005663s ]
[ 2012-09-08T09:51:45+08:00 ] /talent_pool/index.php/Teacher/allStudents | INFO: Tag[ route_check ] --END-- [ RunTime:0.005810s ]
[ 2012-09-08T09:51:45+08:00 ] /talent_pool/index.php/Teacher/allStudents | INFO: Tag[ app_begin ] --START--
[ 2012-09-08T09:51:45+08:00 ] /talent_pool/index.php/Teacher/allStudents | INFO: Run ReadHtmlCache Behavior [ RunTime:0.001622s ]
[ 2012-09-08T09:51:45+08:00 ] /talent_pool/index.php/Teacher/allStudents | INFO: Tag[ app_begin ] --END-- [ RunTime:0.001726s ]
[ 2012-09-08T09:51:45+08:00 ] /talent_pool/index.php/Teacher/allStudents | INFO: Tag[ view_template ] --START--
[ 2012-09-08T09:51:45+08:00 ] /talent_pool/index.php/Teacher/allStudents | INFO: Run LocationTemplate Behavior [ RunTime:0.003321s ]
[ 2012-09-08T09:51:45+08:00 ] /talent_pool/index.php/Teacher/allStudents | INFO: Tag[ view_template ] --END-- [ RunTime:0.003462s ]
[ 2012-09-08T09:51:45+08:00 ] /talent_pool/index.php/Teacher/allStudents | INFO: Tag[ view_parse ] --START--
[ 2012-09-08T09:51:45+08:00 ] /talent_pool/index.php/Teacher/allStudents | INFO: Run ParseTemplate Behavior [ RunTime:0.056142s ]
[ 2012-09-08T09:51:45+08:00 ] /talent_pool/index.php/Teacher/allStudents | INFO: Tag[ view_parse ] --END-- [ RunTime:0.056271s ]
[ 2012-09-08T09:51:45+08:00 ] /talent_pool/index.php/Teacher/allStudents | INFO: Tag[ view_filter ] --START--
[ 2012-09-08T09:51:45+08:00 ] /talent_pool/index.php/Teacher/allStudents | INFO: Run ContentReplace Behavior [ RunTime:0.013465s ]
[ 2012-09-08T09:51:45+08:00 ] /talent_pool/index.php/Teacher/allStudents | INFO: Run TokenBuild Behavior [ RunTime:0.052718s ]
[ 2012-09-08T09:51:45+08:00 ] /talent_pool/index.php/Teacher/allStudents | INFO: Run WriteHtmlCache Behavior [ RunTime:0.001300s ]
[ 2012-09-08T09:51:45+08:00 ] /talent_pool/index.php/Teacher/allStudents | INFO: Run ShowRuntime Behavior [ RunTime:0.002254s ]
[ 2012-09-08T09:51:45+08:00 ] /talent_pool/index.php/Teacher/allStudents | INFO: Tag[ view_filter ] --END-- [ RunTime:0.070101s ]
[ 2012-09-08T09:51:45+08:00 ] /talent_pool/index.php/Teacher/allStudents | INFO: Tag[ view_end ] --START--
[ 2012-09-08T09:51:45+08:00 ] /talent_pool/index.php/Teacher/allStudents | INFO: Run ShowPageTrace Behavior [ RunTime:0.001776s ]
[ 2012-09-08T09:51:45+08:00 ] /talent_pool/index.php/Teacher/allStudents | INFO: Tag[ view_end ] --END-- [ RunTime:0.001912s ]
[ 2012-09-08T10:37:06+08:00 ] /talent_pool/index.php/Teacher/profile | INFO: Tag[ route_check ] --START--
[ 2012-09-08T10:37:06+08:00 ] /talent_pool/index.php/Teacher/profile | INFO: Run CheckRoute Behavior [ RunTime:0.004951s ]
[ 2012-09-08T10:37:06+08:00 ] /talent_pool/index.php/Teacher/profile | INFO: Tag[ route_check ] --END-- [ RunTime:0.009698s ]
[ 2012-09-08T10:37:06+08:00 ] /talent_pool/index.php/Teacher/profile | INFO: Tag[ app_begin ] --START--
[ 2012-09-08T10:37:06+08:00 ] /talent_pool/index.php/Teacher/profile | INFO: Run ReadHtmlCache Behavior [ RunTime:0.001856s ]
[ 2012-09-08T10:37:06+08:00 ] /talent_pool/index.php/Teacher/profile | INFO: Tag[ app_begin ] --END-- [ RunTime:0.001960s ]
[ 2012-09-08T10:37:07+08:00 ] /talent_pool/index.php/Teacher/profile | SQL: SHOW COLUMNS FROM `teacher` [ RunTime:0.499331s ]
[ 2012-09-08T10:37:07+08:00 ] /talent_pool/index.php/Teacher/profile | SQL: SELECT * FROM `teacher` WHERE ( `tid` = 'SYSU_wangbq' ) LIMIT 1   [ RunTime:0.007645s ]
[ 2012-09-08T10:37:07+08:00 ] /talent_pool/index.php/Teacher/profile | INFO: Tag[ view_template ] --START--
[ 2012-09-08T10:37:07+08:00 ] /talent_pool/index.php/Teacher/profile | INFO: Run LocationTemplate Behavior [ RunTime:0.060574s ]
[ 2012-09-08T10:37:07+08:00 ] /talent_pool/index.php/Teacher/profile | INFO: Tag[ view_template ] --END-- [ RunTime:0.060765s ]
[ 2012-09-08T10:37:07+08:00 ] /talent_pool/index.php/Teacher/profile | INFO: Tag[ view_parse ] --START--
[ 2012-09-08T10:37:08+08:00 ] /talent_pool/index.php/Teacher/profile | NOTIC: [8] Undefined variable: username 8a342f27aedc1dffeabe65e5e4557afe.php 第 19 行.
[ 2012-09-08T10:37:08+08:00 ] /talent_pool/index.php/Teacher/profile | INFO: Run ParseTemplate Behavior [ RunTime:0.235627s ]
[ 2012-09-08T10:37:08+08:00 ] /talent_pool/index.php/Teacher/profile | INFO: Tag[ view_parse ] --END-- [ RunTime:0.235737s ]
[ 2012-09-08T10:37:08+08:00 ] /talent_pool/index.php/Teacher/profile | INFO: Tag[ view_filter ] --START--
[ 2012-09-08T10:37:08+08:00 ] /talent_pool/index.php/Teacher/profile | INFO: Run ContentReplace Behavior [ RunTime:0.001462s ]
[ 2012-09-08T10:37:08+08:00 ] /talent_pool/index.php/Teacher/profile | INFO: Run TokenBuild Behavior [ RunTime:0.001434s ]
[ 2012-09-08T10:37:08+08:00 ] /talent_pool/index.php/Teacher/profile | INFO: Run WriteHtmlCache Behavior [ RunTime:0.001284s ]
[ 2012-09-08T10:37:08+08:00 ] /talent_pool/index.php/Teacher/profile | INFO: Run ShowRuntime Behavior [ RunTime:0.001585s ]
[ 2012-09-08T10:37:08+08:00 ] /talent_pool/index.php/Teacher/profile | INFO: Tag[ view_filter ] --END-- [ RunTime:0.006064s ]
[ 2012-09-08T10:37:08+08:00 ] /talent_pool/index.php/Teacher/profile | INFO: Tag[ view_end ] --START--
[ 2012-09-08T10:37:08+08:00 ] /talent_pool/index.php/Teacher/profile | INFO: Run ShowPageTrace Behavior [ RunTime:0.001599s ]
[ 2012-09-08T10:37:08+08:00 ] /talent_pool/index.php/Teacher/profile | INFO: Tag[ view_end ] --END-- [ RunTime:0.001708s ]
